# JRE version: Java(TM) SE Runtime Environment (19.0.2+7) (build 19.0.2+7-44)
# Java VM: Java HotSpot(TM) 64-Bit Server VM (19.0.2+7-44, mixed mode, sharing, tiered, compressed oops, compressed class ptrs, g1 gc, windows-amd64)
GC Precious Log:
 CardTable entry size: 512
 Card Set container configuration: InlinePtr #cards 5 size 8 Array Of Cards #cards 12 size 40 Howl #buckets 4 coarsen threshold 1843 Howl Bitmap #cards 512 size 80 coarsen threshold 460 Card regions per heap region 1 cards per card region 2048
 CPUs: 4 total, 4 available
 Memory: 7914M
 Large Page Support: Disabled
 NUMA Support: Disabled
 Compressed Oops: Enabled (32-bit)
 Heap Region Size: 1M
 Heap Min Capacity: 8M
 Heap Initial Capacity: 124M
 Heap Max Capacity: 1980M
 Pre-touch: Disabled
 Parallel Workers: 4
 Concurrent Workers: 1
 Concurrent Refinement Workers: 4
 Periodic GC: Disabled
Heap:
 garbage-first heap   total 253952K, used 78596K [0x0000000084400000, 0x0000000100000000)
  region size 1024K, 10 young (10240K), 10 survivors (10240K)
 Metaspace       used 71431K, committed 72064K, reserved 1114112K
  class space    used 9551K, committed 9856K, reserved 1048576K
GC Heap History (20 events):
Event: 3.063 GC heap after
{Heap after GC invocations=10 (full 0):
 garbage-first heap   total 126976K, used 46783K [0x0000000084400000, 0x0000000100000000)
  region size 1024K, 6 young (6144K), 6 survivors (6144K)
 Metaspace       used 25080K, committed 25472K, reserved 1114112K
  class space    used 3044K, committed 3264K, reserved 1048576K
}
Event: 4.301 GC heap before
{Heap before GC invocations=10 (full 0):
 garbage-first heap   total 126976K, used 95935K [0x0000000084400000, 0x0000000100000000)
  region size 1024K, 54 young (55296K), 6 survivors (6144K)
 Metaspace       used 31532K, committed 31936K, reserved 1114112K
  class space    used 3906K, committed 4096K, reserved 1048576K
}
Event: 4.310 GC heap after
{Heap after GC invocations=11 (full 0):
 garbage-first heap   total 253952K, used 51157K [0x0000000084400000, 0x0000000100000000)
  region size 1024K, 5 young (5120K), 5 survivors (5120K)
 Metaspace       used 31532K, committed 31936K, reserved 1114112K
  class space    used 3906K, committed 4096K, reserved 1048576K
}
Event: 4.892 GC heap before
{Heap before GC invocations=11 (full 0):
 garbage-first heap   total 253952K, used 99285K [0x0000000084400000, 0x0000000100000000)
  region size 1024K, 53 young (54272K), 5 survivors (5120K)
 Metaspace       used 35627K, committed 36160K, reserved 1114112K
  class space    used 4437K, committed 4672K, reserved 1048576K
}
Event: 4.898 GC heap after
{Heap after GC invocations=12 (full 0):
 garbage-first heap   total 253952K, used 52342K [0x0000000084400000, 0x0000000100000000)
  region size 1024K, 6 young (6144K), 6 survivors (6144K)
 Metaspace       used 35627K, committed 36160K, reserved 1114112K
  class space    used 4437K, committed 4672K, reserved 1048576K
}
Event: 6.676 GC heap before
{Heap before GC invocations=13 (full 0):
 garbage-first heap   total 188416K, used 156790K [0x0000000084400000, 0x0000000100000000)
  region size 1024K, 110 young (112640K), 6 survivors (6144K)
 Metaspace       used 55999K, committed 56512K, reserved 1114112K
  class space    used 7283K, committed 7552K, reserved 1048576K
}
Event: 6.688 GC heap after
{Heap after GC invocations=14 (full 0):
 garbage-first heap   total 188416K, used 57300K [0x0000000084400000, 0x0000000100000000)
  region size 1024K, 12 young (12288K), 12 survivors (12288K)
 Metaspace       used 55999K, committed 56512K, reserved 1114112K
  class space    used 7283K, committed 7552K, reserved 1048576K
}
Event: 6.697 GC heap before
{Heap before GC invocations=14 (full 0):
 garbage-first heap   total 188416K, used 58324K [0x0000000084400000, 0x0000000100000000)
  region size 1024K, 13 young (13312K), 12 survivors (12288K)
 Metaspace       used 56021K, committed 56576K, reserved 1114112K
  class space    used 7285K, committed 7552K, reserved 1048576K
}
Event: 6.706 GC heap after
{Heap after GC invocations=15 (full 0):
 garbage-first heap   total 188416K, used 57331K [0x0000000084400000, 0x0000000100000000)
  region size 1024K, 2 young (2048K), 2 survivors (2048K)
 Metaspace       used 56021K, committed 56576K, reserved 1114112K
  class space    used 7285K, committed 7552K, reserved 1048576K
}
Event: 7.091 GC heap before
{Heap before GC invocations=15 (full 0):
 garbage-first heap   total 188416K, used 81907K [0x0000000084400000, 0x0000000100000000)
  region size 1024K, 28 young (28672K), 2 survivors (2048K)
 Metaspace       used 61416K, committed 62016K, reserved 1114112K
  class space    used 8108K, committed 8384K, reserved 1048576K
}
Event: 7.094 GC heap after
{Heap after GC invocations=16 (full 0):
 garbage-first heap   total 188416K, used 58490K [0x0000000084400000, 0x0000000100000000)
  region size 1024K, 3 young (3072K), 3 survivors (3072K)
 Metaspace       used 61416K, committed 62016K, reserved 1114112K
  class space    used 8108K, committed 8384K, reserved 1048576K
}
Event: 8.849 GC heap before
{Heap before GC invocations=17 (full 0):
 garbage-first heap   total 188416K, used 146554K [0x0000000084400000, 0x0000000100000000)
  region size 1024K, 90 young (92160K), 3 survivors (3072K)
 Metaspace       used 70487K, committed 71168K, reserved 1114112K
  class space    used 9411K, committed 9728K, reserved 1048576K
}
Event: 8.860 GC heap after
{Heap after GC invocations=18 (full 0):
 garbage-first heap   total 188416K, used 66028K [0x0000000084400000, 0x0000000100000000)
  region size 1024K, 10 young (10240K), 10 survivors (10240K)
 Metaspace       used 70487K, committed 71168K, reserved 1114112K
  class space    used 9411K, committed 9728K, reserved 1048576K
}
Event: 8.863 GC heap before
{Heap before GC invocations=18 (full 0):
 garbage-first heap   total 188416K, used 67052K [0x0000000084400000, 0x0000000100000000)
  region size 1024K, 11 young (11264K), 10 survivors (10240K)
 Metaspace       used 70487K, committed 71168K, reserved 1114112K
  class space    used 9411K, committed 9728K, reserved 1048576K
}
Event: 8.872 GC heap after
{Heap after GC invocations=19 (full 0):
 garbage-first heap   total 188416K, used 66277K [0x0000000084400000, 0x0000000100000000)
  region size 1024K, 2 young (2048K), 2 survivors (2048K)
 Metaspace       used 70487K, committed 71168K, reserved 1114112K
  class space    used 9411K, committed 9728K, reserved 1048576K
}
Event: 9.192 GC heap before
{Heap before GC invocations=19 (full 0):
 garbage-first heap   total 188416K, used 148197K [0x0000000084400000, 0x0000000100000000)
  region size 1024K, 83 young (84992K), 2 survivors (2048K)
 Metaspace       used 71076K, committed 71744K, reserved 1114112K
  class space    used 9522K, committed 9856K, reserved 1048576K
}
Event: 9.198 GC heap after
{Heap after GC invocations=20 (full 0):
 garbage-first heap   total 188416K, used 69404K [0x0000000084400000, 0x0000000100000000)
  region size 1024K, 5 young (5120K), 5 survivors (5120K)
 Metaspace       used 71076K, committed 71744K, reserved 1114112K
  class space    used 9522K, committed 9856K, reserved 1048576K
}
Event: 9.345 GC heap before
{Heap before GC invocations=20 (full 0):
 garbage-first heap   total 188416K, used 151324K [0x0000000084400000, 0x0000000100000000)
  region size 1024K, 85 young (87040K), 5 survivors (5120K)
 Metaspace       used 71077K, committed 71744K, reserved 1114112K
  class space    used 9522K, committed 9856K, reserved 1048576K
}
Event: 9.355 GC heap after
{Heap after GC invocations=21 (full 0):
 garbage-first heap   total 188416K, used 73237K [0x0000000084400000, 0x0000000100000000)
  region size 1024K, 9 young (9216K), 9 survivors (9216K)
 Metaspace       used 71077K, committed 71744K, reserved 1114112K
  class space    used 9522K, committed 9856K, reserved 1048576K
}
Event: 9.549 GC heap before
{Heap before GC invocations=21 (full 0):
 garbage-first heap   total 188416K, used 152085K [0x0000000084400000, 0x0000000100000000)
  region size 1024K, 86 young (88064K), 9 survivors (9216K)
 Metaspace       used 71431K, committed 72064K, reserved 1114112K
  class space    used 9551K, committed 9856K, reserved 1048576K
}

