# JRE version: Java(TM) SE Runtime Environment (19.0.2+7) (build 19.0.2+7-44)
# Java VM: Java HotSpot(TM) 64-Bit Server VM (19.0.2+7-44, mixed mode, sharing, tiered, compressed oops, compressed class ptrs, g1 gc, windows-amd64)
GC Precious Log:
 CardTable entry size: 512
 Card Set container configuration: InlinePtr #cards 5 size 8 Array Of Cards #cards 12 size 40 Howl #buckets 4 coarsen threshold 1843 Howl Bitmap #cards 512 size 80 coarsen threshold 460 Card regions per heap region 1 cards per card region 2048
 CPUs: 4 total, 4 available
 Memory: 7914M
 Large Page Support: Disabled
 NUMA Support: Disabled
 Compressed Oops: Enabled (32-bit)
 Heap Region Size: 1M
 Heap Min Capacity: 8M
 Heap Initial Capacity: 124M
 Heap Max Capacity: 1980M
 Pre-touch: Disabled
 Parallel Workers: 4
 Concurrent Workers: 1
 Concurrent Refinement Workers: 4
 Periodic GC: Disabled
Heap:
 garbage-first heap   total 171008K, used 64895K [0x0000000084400000, 0x0000000100000000)
  region size 1024K, 3 young (3072K), 3 survivors (3072K)
 Metaspace       used 70460K, committed 71104K, reserved 1114112K
  class space    used 9407K, committed 9728K, reserved 1048576K
GC Heap History (20 events):
Event: 3.321 GC heap after
{Heap after GC invocations=10 (full 0):
 garbage-first heap   total 130048K, used 41887K [0x0000000084400000, 0x0000000100000000)
  region size 1024K, 1 young (1024K), 1 survivors (1024K)
 Metaspace       used 24329K, committed 24640K, reserved 1114112K
  class space    used 2950K, committed 3072K, reserved 1048576K
}
Event: 3.685 GC heap before
{Heap before GC invocations=10 (full 0):
 garbage-first heap   total 130048K, used 92063K [0x0000000084400000, 0x0000000100000000)
  region size 1024K, 51 young (52224K), 1 survivors (1024K)
 Metaspace       used 25102K, committed 25408K, reserved 1114112K
  class space    used 3042K, committed 3200K, reserved 1048576K
}
Event: 3.691 GC heap after
{Heap after GC invocations=11 (full 0):
 garbage-first heap   total 130048K, used 46322K [0x0000000084400000, 0x0000000100000000)
  region size 1024K, 6 young (6144K), 6 survivors (6144K)
 Metaspace       used 25102K, committed 25408K, reserved 1114112K
  class space    used 3042K, committed 3200K, reserved 1048576K
}
Event: 5.120 GC heap before
{Heap before GC invocations=11 (full 0):
 garbage-first heap   total 130048K, used 95474K [0x0000000084400000, 0x0000000100000000)
  region size 1024K, 54 young (55296K), 6 survivors (6144K)
 Metaspace       used 32485K, committed 33024K, reserved 1114112K
  class space    used 4012K, committed 4288K, reserved 1048576K
}
Event: 5.132 GC heap after
{Heap after GC invocations=12 (full 0):
 garbage-first heap   total 130048K, used 50888K [0x0000000084400000, 0x0000000100000000)
  region size 1024K, 5 young (5120K), 5 survivors (5120K)
 Metaspace       used 32485K, committed 33024K, reserved 1114112K
  class space    used 4012K, committed 4288K, reserved 1048576K
}
Event: 5.890 GC heap before
{Heap before GC invocations=12 (full 0):
 garbage-first heap   total 130048K, used 90824K [0x0000000084400000, 0x0000000100000000)
  region size 1024K, 45 young (46080K), 5 survivors (5120K)
 Metaspace       used 35651K, committed 36160K, reserved 1114112K
  class space    used 4439K, committed 4672K, reserved 1048576K
}
Event: 5.898 GC heap after
{Heap after GC invocations=13 (full 0):
 garbage-first heap   total 130048K, used 52446K [0x0000000084400000, 0x0000000100000000)
  region size 1024K, 2 young (2048K), 2 survivors (2048K)
 Metaspace       used 35651K, committed 36160K, reserved 1114112K
  class space    used 4439K, committed 4672K, reserved 1048576K
}
Event: 7.242 GC heap before
{Heap before GC invocations=14 (full 0):
 garbage-first heap   total 130048K, used 99550K [0x0000000084400000, 0x0000000100000000)
  region size 1024K, 49 young (50176K), 2 survivors (2048K)
 Metaspace       used 47306K, committed 47808K, reserved 1114112K
  class space    used 6047K, committed 6272K, reserved 1048576K
}
Event: 7.248 GC heap after
{Heap after GC invocations=15 (full 0):
 garbage-first heap   total 130048K, used 55356K [0x0000000084400000, 0x0000000100000000)
  region size 1024K, 6 young (6144K), 6 survivors (6144K)
 Metaspace       used 47306K, committed 47808K, reserved 1114112K
  class space    used 6047K, committed 6272K, reserved 1048576K
}
Event: 7.253 GC heap before
{Heap before GC invocations=15 (full 0):
 garbage-first heap   total 130048K, used 56380K [0x0000000084400000, 0x0000000100000000)
  region size 1024K, 7 young (7168K), 6 survivors (6144K)
 Metaspace       used 47308K, committed 47808K, reserved 1114112K
  class space    used 6047K, committed 6272K, reserved 1048576K
}
Event: 7.257 GC heap after
{Heap after GC invocations=16 (full 0):
 garbage-first heap   total 130048K, used 55290K [0x0000000084400000, 0x0000000100000000)
  region size 1024K, 1 young (1024K), 1 survivors (1024K)
 Metaspace       used 47308K, committed 47808K, reserved 1114112K
  class space    used 6047K, committed 6272K, reserved 1048576K
}
Event: 7.934 GC heap before
{Heap before GC invocations=16 (full 0):
 garbage-first heap   total 130048K, used 100346K [0x0000000084400000, 0x0000000100000000)
  region size 1024K, 46 young (47104K), 1 survivors (1024K)
 Metaspace       used 55772K, committed 56384K, reserved 1114112K
  class space    used 7266K, committed 7552K, reserved 1048576K
}
Event: 7.936 GC heap after
{Heap after GC invocations=17 (full 0):
 garbage-first heap   total 130048K, used 56070K [0x0000000084400000, 0x0000000100000000)
  region size 1024K, 2 young (2048K), 2 survivors (2048K)
 Metaspace       used 55772K, committed 56384K, reserved 1114112K
  class space    used 7266K, committed 7552K, reserved 1048576K
}
Event: 8.318 GC heap before
{Heap before GC invocations=17 (full 0):
 garbage-first heap   total 130048K, used 89862K [0x0000000084400000, 0x0000000100000000)
  region size 1024K, 36 young (36864K), 2 survivors (2048K)
 Metaspace       used 60258K, committed 60800K, reserved 1114112K
  class space    used 7813K, committed 8064K, reserved 1048576K
}
Event: 8.322 GC heap after
{Heap after GC invocations=18 (full 0):
 garbage-first heap   total 130048K, used 58213K [0x0000000084400000, 0x0000000100000000)
  region size 1024K, 4 young (4096K), 4 survivors (4096K)
 Metaspace       used 60258K, committed 60800K, reserved 1114112K
  class space    used 7813K, committed 8064K, reserved 1048576K
}
Event: 9.324 GC heap before
{Heap before GC invocations=19 (full 0):
 garbage-first heap   total 130048K, used 104293K [0x0000000084400000, 0x0000000100000000)
  region size 1024K, 49 young (50176K), 4 survivors (4096K)
 Metaspace       used 67276K, committed 67968K, reserved 1114112K
  class space    used 8920K, committed 9280K, reserved 1048576K
}
Event: 9.332 GC heap after
{Heap after GC invocations=20 (full 0):
 garbage-first heap   total 130048K, used 62772K [0x0000000084400000, 0x0000000100000000)
  region size 1024K, 7 young (7168K), 7 survivors (7168K)
 Metaspace       used 67276K, committed 67968K, reserved 1114112K
  class space    used 8920K, committed 9280K, reserved 1048576K
}
Event: 9.349 GC heap before
{Heap before GC invocations=20 (full 0):
 garbage-first heap   total 130048K, used 63796K [0x0000000084400000, 0x0000000100000000)
  region size 1024K, 8 young (8192K), 7 survivors (7168K)
 Metaspace       used 67403K, committed 68096K, reserved 1114112K
  class space    used 8938K, committed 9280K, reserved 1048576K
}
Event: 9.358 GC heap after
{Heap after GC invocations=21 (full 0):
 garbage-first heap   total 130048K, used 62680K [0x0000000084400000, 0x0000000100000000)
  region size 1024K, 1 young (1024K), 1 survivors (1024K)
 Metaspace       used 67403K, committed 68096K, reserved 1114112K
  class space    used 8938K, committed 9280K, reserved 1048576K
}
Event: 9.797 GC heap before
{Heap before GC invocations=21 (full 0):
 garbage-first heap   total 130048K, used 104664K [0x0000000084400000, 0x0000000100000000)
  region size 1024K, 42 young (43008K), 1 survivors (1024K)
 Metaspace       used 70460K, committed 71104K, reserved 1114112K
  class space    used 9407K, committed 9728K, reserved 1048576K
}

