# JRE version: Java(TM) SE Runtime Environment (19.0.2+7) (build 19.0.2+7-44)
# Java VM: Java HotSpot(TM) 64-Bit Server VM (19.0.2+7-44, mixed mode, sharing, tiered, compressed oops, compressed class ptrs, g1 gc, windows-amd64)
GC Precious Log:
 CardTable entry size: 512
 Card Set container configuration: InlinePtr #cards 5 size 8 Array Of Cards #cards 12 size 40 Howl #buckets 4 coarsen threshold 1843 Howl Bitmap #cards 512 size 80 coarsen threshold 460 Card regions per heap region 1 cards per card region 2048
 CPUs: 4 total, 4 available
 Memory: 7914M
 Large Page Support: Disabled
 NUMA Support: Disabled
 Compressed Oops: Enabled (32-bit)
 Heap Region Size: 1M
 Heap Min Capacity: 8M
 Heap Initial Capacity: 124M
 Heap Max Capacity: 1980M
 Pre-touch: Disabled
 Parallel Workers: 4
 Concurrent Workers: 1
 Concurrent Refinement Workers: 4
 Periodic GC: Disabled
Heap:
 garbage-first heap   total 301056K, used 89939K [0x0000000084400000, 0x0000000100000000)
  region size 1024K, 1 young (1024K), 1 survivors (1024K)
 Metaspace       used 77374K, committed 78080K, reserved 1179648K
  class space    used 10187K, committed 10496K, reserved 1048576K
GC Heap History (20 events):
Event: 7.555 GC heap after
{Heap after GC invocations=15 (full 0):
 garbage-first heap   total 191488K, used 58431K [0x0000000084400000, 0x0000000100000000)
  region size 1024K, 11 young (11264K), 11 survivors (11264K)
 Metaspace       used 55385K, committed 55936K, reserved 1114112K
  class space    used 7195K, committed 7424K, reserved 1048576K
}
Event: 7.575 GC heap before
{Heap before GC invocations=15 (full 0):
 garbage-first heap   total 191488K, used 59455K [0x0000000084400000, 0x0000000100000000)
  region size 1024K, 12 young (12288K), 11 survivors (11264K)
 Metaspace       used 55561K, committed 56064K, reserved 1114112K
  class space    used 7215K, committed 7424K, reserved 1048576K
}
Event: 7.583 GC heap after
{Heap after GC invocations=16 (full 0):
 garbage-first heap   total 191488K, used 58528K [0x0000000084400000, 0x0000000100000000)
  region size 1024K, 2 young (2048K), 2 survivors (2048K)
 Metaspace       used 55561K, committed 56064K, reserved 1114112K
  class space    used 7215K, committed 7424K, reserved 1048576K
}
Event: 7.963 GC heap before
{Heap before GC invocations=16 (full 0):
 garbage-first heap   total 191488K, used 81056K [0x0000000084400000, 0x0000000100000000)
  region size 1024K, 26 young (26624K), 2 survivors (2048K)
 Metaspace       used 60925K, committed 61440K, reserved 1114112K
  class space    used 8052K, committed 8320K, reserved 1048576K
}
Event: 7.966 GC heap after
{Heap after GC invocations=17 (full 0):
 garbage-first heap   total 191488K, used 60138K [0x0000000084400000, 0x0000000100000000)
  region size 1024K, 3 young (3072K), 3 survivors (3072K)
 Metaspace       used 60925K, committed 61440K, reserved 1114112K
  class space    used 8052K, committed 8320K, reserved 1048576K
}
Event: 9.232 GC heap before
{Heap before GC invocations=18 (full 0):
 garbage-first heap   total 191488K, used 150250K [0x0000000084400000, 0x0000000100000000)
  region size 1024K, 91 young (93184K), 3 survivors (3072K)
 Metaspace       used 67739K, committed 68352K, reserved 1114112K
  class space    used 9053K, committed 9344K, reserved 1048576K
}
Event: 9.242 GC heap after
{Heap after GC invocations=19 (full 0):
 garbage-first heap   total 191488K, used 65904K [0x0000000084400000, 0x0000000100000000)
  region size 1024K, 9 young (9216K), 9 survivors (9216K)
 Metaspace       used 67739K, committed 68352K, reserved 1114112K
  class space    used 9053K, committed 9344K, reserved 1048576K
}
Event: 9.256 GC heap before
{Heap before GC invocations=19 (full 0):
 garbage-first heap   total 191488K, used 66928K [0x0000000084400000, 0x0000000100000000)
  region size 1024K, 10 young (10240K), 9 survivors (9216K)
 Metaspace       used 67895K, committed 68480K, reserved 1114112K
  class space    used 9096K, committed 9344K, reserved 1048576K
}
Event: 9.263 GC heap after
{Heap after GC invocations=20 (full 0):
 garbage-first heap   total 191488K, used 66294K [0x0000000084400000, 0x0000000100000000)
  region size 1024K, 2 young (2048K), 2 survivors (2048K)
 Metaspace       used 67895K, committed 68480K, reserved 1114112K
  class space    used 9096K, committed 9344K, reserved 1048576K
}
Event: 9.916 GC heap before
{Heap before GC invocations=20 (full 0):
 garbage-first heap   total 191488K, used 152310K [0x0000000084400000, 0x0000000100000000)
  region size 1024K, 86 young (88064K), 2 survivors (2048K)
 Metaspace       used 71208K, committed 71872K, reserved 1114112K
  class space    used 9477K, committed 9792K, reserved 1048576K
}
Event: 9.923 GC heap after
{Heap after GC invocations=21 (full 0):
 garbage-first heap   total 191488K, used 70764K [0x0000000084400000, 0x0000000100000000)
  region size 1024K, 6 young (6144K), 6 survivors (6144K)
 Metaspace       used 71208K, committed 71872K, reserved 1114112K
  class space    used 9477K, committed 9792K, reserved 1048576K
}
Event: 10.034 GC heap before
{Heap before GC invocations=21 (full 0):
 garbage-first heap   total 191488K, used 153708K [0x0000000084400000, 0x0000000100000000)
  region size 1024K, 87 young (89088K), 6 survivors (6144K)
 Metaspace       used 71238K, committed 71872K, reserved 1114112K
  class space    used 9477K, committed 9792K, reserved 1048576K
}
Event: 10.042 GC heap after
{Heap after GC invocations=22 (full 0):
 garbage-first heap   total 191488K, used 71285K [0x0000000084400000, 0x0000000100000000)
  region size 1024K, 6 young (6144K), 6 survivors (6144K)
 Metaspace       used 71238K, committed 71872K, reserved 1114112K
  class space    used 9477K, committed 9792K, reserved 1048576K
}
Event: 10.813 GC heap before
{Heap before GC invocations=22 (full 0):
 garbage-first heap   total 191488K, used 154229K [0x0000000084400000, 0x0000000100000000)
  region size 1024K, 88 young (90112K), 6 survivors (6144K)
 Metaspace       used 75761K, committed 76352K, reserved 1179648K
  class space    used 9972K, committed 10240K, reserved 1048576K
}
Event: 10.823 GC heap after
{Heap after GC invocations=23 (full 0):
 garbage-first heap   total 191488K, used 76070K [0x0000000084400000, 0x0000000100000000)
  region size 1024K, 7 young (7168K), 7 survivors (7168K)
 Metaspace       used 75761K, committed 76352K, reserved 1179648K
  class space    used 9972K, committed 10240K, reserved 1048576K
}
Event: 11.085 GC heap before
{Heap before GC invocations=23 (full 0):
 garbage-first heap   total 191488K, used 155942K [0x0000000084400000, 0x0000000100000000)
  region size 1024K, 85 young (87040K), 7 survivors (7168K)
 Metaspace       used 76506K, committed 77184K, reserved 1179648K
  class space    used 10084K, committed 10368K, reserved 1048576K
}
Event: 11.104 GC heap after
{Heap after GC invocations=24 (full 0):
 garbage-first heap   total 191488K, used 84886K [0x0000000084400000, 0x0000000100000000)
  region size 1024K, 11 young (11264K), 11 survivors (11264K)
 Metaspace       used 76506K, committed 77184K, reserved 1179648K
  class space    used 10084K, committed 10368K, reserved 1048576K
}
Event: 11.524 GC heap before
{Heap before GC invocations=25 (full 0):
 garbage-first heap   total 191488K, used 153494K [0x0000000084400000, 0x0000000100000000)
  region size 1024K, 78 young (79872K), 11 survivors (11264K)
 Metaspace       used 77365K, committed 78080K, reserved 1179648K
  class space    used 10187K, committed 10496K, reserved 1048576K
}
Event: 11.539 GC heap after
{Heap after GC invocations=26 (full 0):
 garbage-first heap   total 191488K, used 89099K [0x0000000084400000, 0x0000000100000000)
  region size 1024K, 4 young (4096K), 4 survivors (4096K)
 Metaspace       used 77365K, committed 78080K, reserved 1179648K
  class space    used 10187K, committed 10496K, reserved 1048576K
}
Event: 11.548 GC heap before
{Heap before GC invocations=26 (full 0):
 garbage-first heap   total 191488K, used 94219K [0x0000000084400000, 0x0000000100000000)
  region size 1024K, 9 young (9216K), 4 survivors (4096K)
 Metaspace       used 77374K, committed 78080K, reserved 1179648K
  class space    used 10187K, committed 10496K, reserved 1048576K
}

