# JRE version: Java(TM) SE Runtime Environment (19.0.2+7) (build 19.0.2+7-44)
# Java VM: Java HotSpot(TM) 64-Bit Server VM (19.0.2+7-44, mixed mode, sharing, tiered, compressed oops, compressed class ptrs, g1 gc, windows-amd64)
GC Precious Log:
 CardTable entry size: 512
 Card Set container configuration: InlinePtr #cards 5 size 8 Array Of Cards #cards 12 size 40 Howl #buckets 4 coarsen threshold 1843 Howl Bitmap #cards 512 size 80 coarsen threshold 460 Card regions per heap region 1 cards per card region 2048
 CPUs: 4 total, 4 available
 Memory: 7914M
 Large Page Support: Disabled
 NUMA Support: Disabled
 Compressed Oops: Enabled (32-bit)
 Heap Region Size: 1M
 Heap Min Capacity: 8M
 Heap Initial Capacity: 124M
 Heap Max Capacity: 1980M
 Pre-touch: Disabled
 Parallel Workers: 4
 Concurrent Workers: 1
 Concurrent Refinement Workers: 4
 Periodic GC: Disabled
Heap:
 garbage-first heap   total 230400K, used 92969K [0x0000000084400000, 0x0000000100000000)
  region size 1024K, 9 young (9216K), 9 survivors (9216K)
 Metaspace       used 110091K, committed 111232K, reserved 1179648K
  class space    used 13488K, committed 14080K, reserved 1048576K
GC Heap History (20 events):
Event: 1077.338 GC heap after
{Heap after GC invocations=46 (full 2):
 garbage-first heap   total 305152K, used 93182K [0x0000000084400000, 0x0000000100000000)
  region size 1024K, 15 young (15360K), 15 survivors (15360K)
 Metaspace       used 104432K, committed 105408K, reserved 1179648K
  class space    used 13052K, committed 13504K, reserved 1048576K
}
Event: 1077.344 GC heap before
{Heap before GC invocations=46 (full 2):
 garbage-first heap   total 305152K, used 94206K [0x0000000084400000, 0x0000000100000000)
  region size 1024K, 16 young (16384K), 15 survivors (15360K)
 Metaspace       used 104433K, committed 105408K, reserved 1179648K
  class space    used 13052K, committed 13504K, reserved 1048576K
}
Event: 1077.353 GC heap after
{Heap after GC invocations=47 (full 2):
 garbage-first heap   total 305152K, used 94311K [0x0000000084400000, 0x0000000100000000)
  region size 1024K, 2 young (2048K), 2 survivors (2048K)
 Metaspace       used 104433K, committed 105408K, reserved 1179648K
  class space    used 13052K, committed 13504K, reserved 1048576K
}
Event: 1078.038 GC heap before
{Heap before GC invocations=47 (full 2):
 garbage-first heap   total 305152K, used 235623K [0x0000000084400000, 0x0000000100000000)
  region size 1024K, 141 young (144384K), 2 survivors (2048K)
 Metaspace       used 106294K, committed 107200K, reserved 1179648K
  class space    used 13157K, committed 13568K, reserved 1048576K
}
Event: 1078.049 GC heap after
{Heap after GC invocations=48 (full 2):
 garbage-first heap   total 305152K, used 101115K [0x0000000084400000, 0x0000000100000000)
  region size 1024K, 9 young (9216K), 9 survivors (9216K)
 Metaspace       used 106294K, committed 107200K, reserved 1179648K
  class space    used 13157K, committed 13568K, reserved 1048576K
}
Event: 1421.547 GC heap before
{Heap before GC invocations=48 (full 2):
 garbage-first heap   total 305152K, used 239355K [0x0000000084400000, 0x0000000100000000)
  region size 1024K, 144 young (147456K), 9 survivors (9216K)
 Metaspace       used 108006K, committed 109120K, reserved 1179648K
  class space    used 13353K, committed 13952K, reserved 1048576K
}
Event: 1421.589 GC heap after
{Heap after GC invocations=49 (full 2):
 garbage-first heap   total 305152K, used 103209K [0x0000000084400000, 0x0000000100000000)
  region size 1024K, 11 young (11264K), 11 survivors (11264K)
 Metaspace       used 108006K, committed 109120K, reserved 1179648K
  class space    used 13353K, committed 13952K, reserved 1048576K
}
Event: 1637.576 GC heap before
{Heap before GC invocations=49 (full 2):
 garbage-first heap   total 305152K, used 244521K [0x0000000084400000, 0x0000000100000000)
  region size 1024K, 149 young (152576K), 11 survivors (11264K)
 Metaspace       used 109116K, committed 110272K, reserved 1179648K
  class space    used 13456K, committed 14080K, reserved 1048576K
}
Event: 1637.606 GC heap after
{Heap after GC invocations=50 (full 2):
 garbage-first heap   total 305152K, used 103876K [0x0000000084400000, 0x0000000100000000)
  region size 1024K, 4 young (4096K), 4 survivors (4096K)
 Metaspace       used 109116K, committed 110272K, reserved 1179648K
  class space    used 13456K, committed 14080K, reserved 1048576K
}
Event: 1984.787 GC heap before
{Heap before GC invocations=50 (full 2):
 garbage-first heap   total 305152K, used 249284K [0x0000000084400000, 0x0000000100000000)
  region size 1024K, 146 young (149504K), 4 survivors (4096K)
 Metaspace       used 109430K, committed 110656K, reserved 1179648K
  class space    used 13466K, committed 14080K, reserved 1048576K
}
Event: 1984.792 GC heap after
{Heap after GC invocations=51 (full 2):
 garbage-first heap   total 305152K, used 102602K [0x0000000084400000, 0x0000000100000000)
  region size 1024K, 3 young (3072K), 3 survivors (3072K)
 Metaspace       used 109430K, committed 110656K, reserved 1179648K
  class space    used 13466K, committed 14080K, reserved 1048576K
}
Event: 1984.797 GC heap before
{Heap before GC invocations=51 (full 2):
 garbage-first heap   total 305152K, used 102602K [0x0000000084400000, 0x0000000100000000)
  region size 1024K, 4 young (4096K), 3 survivors (3072K)
 Metaspace       used 109430K, committed 110656K, reserved 1179648K
  class space    used 13466K, committed 14080K, reserved 1048576K
}
Event: 1985.061 GC heap after
{Heap after GC invocations=52 (full 3):
 garbage-first heap   total 208896K, used 60488K [0x0000000084400000, 0x0000000100000000)
  region size 1024K, 0 young (0K), 0 survivors (0K)
 Metaspace       used 109130K, committed 110656K, reserved 1179648K
  class space    used 13397K, committed 14080K, reserved 1048576K
}
Event: 1985.485 GC heap before
{Heap before GC invocations=52 (full 3):
 garbage-first heap   total 208896K, used 170056K [0x0000000084400000, 0x0000000100000000)
  region size 1024K, 108 young (110592K), 0 survivors (0K)
 Metaspace       used 109136K, committed 110656K, reserved 1179648K
  class space    used 13398K, committed 14080K, reserved 1048576K
}
Event: 1985.497 GC heap after
{Heap after GC invocations=53 (full 3):
 garbage-first heap   total 208896K, used 72643K [0x0000000084400000, 0x0000000100000000)
  region size 1024K, 12 young (12288K), 12 survivors (12288K)
 Metaspace       used 109136K, committed 110656K, reserved 1179648K
  class space    used 13398K, committed 14080K, reserved 1048576K
}
Event: 1985.774 GC heap before
{Heap before GC invocations=54 (full 3):
 garbage-first heap   total 230400K, used 166851K [0x0000000084400000, 0x0000000100000000)
  region size 1024K, 105 young (107520K), 12 survivors (12288K)
 Metaspace       used 109676K, committed 110912K, reserved 1179648K
  class space    used 13449K, committed 14080K, reserved 1048576K
}
Event: 1985.821 GC heap after
{Heap after GC invocations=55 (full 3):
 garbage-first heap   total 230400K, used 84658K [0x0000000084400000, 0x0000000100000000)
  region size 1024K, 12 young (12288K), 12 survivors (12288K)
 Metaspace       used 109676K, committed 110912K, reserved 1179648K
  class space    used 13449K, committed 14080K, reserved 1048576K
}
Event: 1985.822 GC heap before
{Heap before GC invocations=55 (full 3):
 garbage-first heap   total 230400K, used 85682K [0x0000000084400000, 0x0000000100000000)
  region size 1024K, 13 young (13312K), 12 survivors (12288K)
 Metaspace       used 109676K, committed 110912K, reserved 1179648K
  class space    used 13449K, committed 14080K, reserved 1048576K
}
Event: 1985.836 GC heap after
{Heap after GC invocations=56 (full 3):
 garbage-first heap   total 230400K, used 84777K [0x0000000084400000, 0x0000000100000000)
  region size 1024K, 1 young (1024K), 1 survivors (1024K)
 Metaspace       used 109676K, committed 110912K, reserved 1179648K
  class space    used 13449K, committed 14080K, reserved 1048576K
}
Event: 1986.036 GC heap before
{Heap before GC invocations=56 (full 3):
 garbage-first heap   total 230400K, used 182057K [0x0000000084400000, 0x0000000100000000)
  region size 1024K, 97 young (99328K), 1 survivors (1024K)
 Metaspace       used 110091K, committed 111232K, reserved 1179648K
  class space    used 13488K, committed 14080K, reserved 1048576K
}

